--------------------------------------------------------------------------------
Release 14.7 Trace  (nt)
Copyright (c) 1995-2013 Xilinx, Inc.  All rights reserved.

C:\Xilinx\14.7\ISE_DS\ISE\bin\nt\unwrapped\trce.exe -intstyle ise -v 3 -s 3 -n
3 -fastpaths -xml singledigit_dec_adder_lab1.twx singledigit_dec_adder_lab1.ncd
-o singledigit_dec_adder_lab1.twr singledigit_dec_adder_lab1.pcf

Design file:              singledigit_dec_adder_lab1.ncd
Physical constraint file: singledigit_dec_adder_lab1.pcf
Device,package,speed:     xc6slx16,csg324,C,-3 (PRODUCTION 1.23 2013-10-13)
Report level:             verbose report

Environment Variable      Effect 
--------------------      ------ 
NONE                      No environment variables were set
--------------------------------------------------------------------------------

INFO:Timing:2698 - No timing constraints found, doing default enumeration.
INFO:Timing:3412 - To improve timing, see the Timing Closure User Guide (UG612).
INFO:Timing:2752 - To get complete path coverage, use the unconstrained paths 
   option. All paths that are not constrained will be reported in the 
   unconstrained paths section(s) of the report.
INFO:Timing:3339 - The clock-to-out numbers in this timing report are based on 
   a 50 Ohm transmission line loading model.  For the details of this model, 
   and for more information on accounting for different loading conditions, 
   please see the device datasheet.



Data Sheet report:
-----------------
All values displayed in nanoseconds (ns)

Pad to Pad
---------------+---------------+---------+
Source Pad     |Destination Pad|  Delay  |
---------------+---------------+---------+
A<0>           |co             |    7.638|
A<0>           |s<0>           |    6.568|
A<0>           |s<1>           |    8.231|
A<0>           |s<2>           |    8.440|
A<0>           |s<3>           |    7.897|
A<1>           |co             |    7.065|
A<1>           |s<1>           |    7.905|
A<1>           |s<2>           |    8.114|
A<1>           |s<3>           |    7.324|
A<2>           |co             |    7.863|
A<2>           |s<1>           |    8.825|
A<2>           |s<2>           |    9.034|
A<2>           |s<3>           |    8.122|
A<3>           |co             |    5.992|
A<3>           |s<1>           |    6.830|
A<3>           |s<2>           |    7.039|
A<3>           |s<3>           |    6.251|
B<0>           |co             |    7.513|
B<0>           |s<0>           |    6.443|
B<0>           |s<1>           |    8.377|
B<0>           |s<2>           |    8.586|
B<0>           |s<3>           |    7.772|
B<1>           |co             |    7.088|
B<1>           |s<1>           |    7.681|
B<1>           |s<2>           |    7.890|
B<1>           |s<3>           |    7.347|
B<2>           |co             |    7.802|
B<2>           |s<1>           |    8.764|
B<2>           |s<2>           |    8.973|
B<2>           |s<3>           |    8.061|
B<3>           |co             |    6.335|
B<3>           |s<1>           |    7.128|
B<3>           |s<2>           |    7.337|
B<3>           |s<3>           |    6.594|
ci             |co             |    7.664|
ci             |s<0>           |    6.594|
ci             |s<1>           |    8.257|
ci             |s<2>           |    8.466|
ci             |s<3>           |    7.923|
---------------+---------------+---------+


Analysis completed Mon Aug 17 18:26:45 2015 
--------------------------------------------------------------------------------

Trace Settings:
-------------------------
Trace Settings 

Peak Memory Usage: 150 MB



